<?xml version="1.0" encoding="UTF-8"?>
<!-- Generated by org.testng.reporters.JUnitXMLReporter -->
<testsuite hostname="Algate" ignored="0" name="Default test" tests="4" failures="0" timestamp="06 Oct 2021 19:44:33 GMT" time="16.533" errors="0">
  <testcase name="TC_001_search" time="1.073" classname="com.blaze.testCases.SearchFlighttoVerifyBookingId"/>
  <testcase name="TC_002_SelectFlight" time="0.645" classname="com.blaze.testCases.SearchFlighttoVerifyBookingId"/>
  <testcase name="TC_003_PurchaseFlightTicket" time="1.571" classname="com.blaze.testCases.SearchFlighttoVerifyBookingId"/>
  <testcase name="TC_004_TicketBookingConfirmation" time="0.092" classname="com.blaze.testCases.SearchFlighttoVerifyBookingId"/>
</testsuite> <!-- Default test -->
