<?xml version="1.0" encoding="UTF-8"?>
<testng-results skipped="0" failed="0" ignored="0" total="4" passed="4">
  <reporter-output>
  </reporter-output>
  <suite name="Default suite" duration-ms="16533" started-at="2021-10-06T19:44:17Z" finished-at="2021-10-06T19:44:33Z">
    <groups>
    </groups>
    <test name="Default test" duration-ms="16533" started-at="2021-10-06T19:44:17Z" finished-at="2021-10-06T19:44:33Z">
      <class name="com.blaze.testCases.SearchFlighttoVerifyBookingId">
        <test-method status="PASS" signature="launchbrowser()[pri:0, instance:com.blaze.testCases.SearchFlighttoVerifyBookingId@67ae56]" name="launchbrowser" is-config="true" duration-ms="12422" started-at="2021-10-06T19:44:17Z" finished-at="2021-10-06T19:44:29Z">
          <reporter-output>
          </reporter-output>
        </test-method> <!-- launchbrowser -->
        <test-method status="PASS" signature="TC_001_search()[pri:0, instance:com.blaze.testCases.SearchFlighttoVerifyBookingId@67ae56]" name="TC_001_search" duration-ms="1073" started-at="2021-10-06T19:44:29Z" finished-at="2021-10-06T19:44:30Z">
          <reporter-output>
          </reporter-output>
        </test-method> <!-- TC_001_search -->
        <test-method status="PASS" signature="TC_002_SelectFlight()[pri:0, instance:com.blaze.testCases.SearchFlighttoVerifyBookingId@67ae56]" name="TC_002_SelectFlight" duration-ms="645" started-at="2021-10-06T19:44:30Z" finished-at="2021-10-06T19:44:31Z">
          <reporter-output>
          </reporter-output>
        </test-method> <!-- TC_002_SelectFlight -->
        <test-method status="PASS" signature="TC_003_PurchaseFlightTicket()[pri:0, instance:com.blaze.testCases.SearchFlighttoVerifyBookingId@67ae56]" name="TC_003_PurchaseFlightTicket" duration-ms="1571" started-at="2021-10-06T19:44:31Z" finished-at="2021-10-06T19:44:33Z">
          <reporter-output>
          </reporter-output>
        </test-method> <!-- TC_003_PurchaseFlightTicket -->
        <test-method status="PASS" signature="TC_004_TicketBookingConfirmation()[pri:0, instance:com.blaze.testCases.SearchFlighttoVerifyBookingId@67ae56]" name="TC_004_TicketBookingConfirmation" duration-ms="92" started-at="2021-10-06T19:44:33Z" finished-at="2021-10-06T19:44:33Z">
          <reporter-output>
          </reporter-output>
        </test-method> <!-- TC_004_TicketBookingConfirmation -->
        <test-method status="PASS" signature="teardown()[pri:0, instance:com.blaze.testCases.SearchFlighttoVerifyBookingId@67ae56]" name="teardown" is-config="true" duration-ms="688" started-at="2021-10-06T19:44:33Z" finished-at="2021-10-06T19:44:33Z">
          <reporter-output>
          </reporter-output>
        </test-method> <!-- teardown -->
      </class> <!-- com.blaze.testCases.SearchFlighttoVerifyBookingId -->
    </test> <!-- Default test -->
  </suite> <!-- Default suite -->
</testng-results>
